============================================================================================== 
Warning! Mixing Conda and module environments may lead to corruption of the
user environment. 
We do not recommend users mixing those two environments unless absolutely
necessary. Note that 
SURF does not provide any support for Conda environment.
For more information, please refer to our software policy page:
https://servicedesk.surf.nl/wiki/display/WIKI/Software+policy+Snellius#SoftwarepolicySnellius-UseofAnacondaandMinicondaenvironmentsonSnellius 

Remember that many packages have already been installed on the system and can
be loaded using 
the 'module load <package__name>' command. If you are uncertain if a package is
already available 
on the system, please use 'module avail' or 'module spider' to search for it.
============================================================================================== 
no change     /sw/arch/RHEL8/EB_production/2022/software/Anaconda3/2022.05/condabin/conda
no change     /sw/arch/RHEL8/EB_production/2022/software/Anaconda3/2022.05/bin/conda
no change     /sw/arch/RHEL8/EB_production/2022/software/Anaconda3/2022.05/bin/conda-env
no change     /sw/arch/RHEL8/EB_production/2022/software/Anaconda3/2022.05/bin/activate
no change     /sw/arch/RHEL8/EB_production/2022/software/Anaconda3/2022.05/bin/deactivate
no change     /sw/arch/RHEL8/EB_production/2022/software/Anaconda3/2022.05/etc/profile.d/conda.sh
no change     /sw/arch/RHEL8/EB_production/2022/software/Anaconda3/2022.05/etc/fish/conf.d/conda.fish
no change     /sw/arch/RHEL8/EB_production/2022/software/Anaconda3/2022.05/shell/condabin/Conda.psm1
no change     /sw/arch/RHEL8/EB_production/2022/software/Anaconda3/2022.05/shell/condabin/conda-hook.ps1
no change     /sw/arch/RHEL8/EB_production/2022/software/Anaconda3/2022.05/lib/python3.9/site-packages/xontrib/conda.xsh
no change     /sw/arch/RHEL8/EB_production/2022/software/Anaconda3/2022.05/etc/profile.d/conda.csh
no change     /home/igardner/.bashrc
No action taken.
Epoch 1/1
Batch 1/40, Time: 0.6530s, Memory: 0.00MB
Batch 2/40, Time: 0.3281s, Memory: 0.00MB
Batch 3/40, Time: 0.3148s, Memory: 0.00MB
Batch 4/40, Time: 0.2904s, Memory: 0.00MB
Batch 5/40, Time: 0.2883s, Memory: 0.00MB
Batch 6/40, Time: 0.2975s, Memory: 0.00MB
Batch 7/40, Time: 0.2908s, Memory: 0.00MB
Batch 8/40, Time: 0.2969s, Memory: 0.00MB
Batch 9/40, Time: 0.2912s, Memory: 0.00MB
Batch 10/40, Time: 0.2960s, Memory: 0.00MB
Batch 11/40, Time: 0.2942s, Memory: 0.00MB
Batch 12/40, Time: 0.2893s, Memory: 0.00MB
Batch 13/40, Time: 0.2963s, Memory: 0.00MB
Batch 14/40, Time: 0.2910s, Memory: 0.00MB
Batch 15/40, Time: 0.2947s, Memory: 0.00MB
Batch 16/40, Time: 0.2901s, Memory: 0.00MB
Batch 17/40, Time: 0.2957s, Memory: 0.00MB
Batch 18/40, Time: 0.3000s, Memory: 0.00MB
Batch 19/40, Time: 0.2909s, Memory: 0.00MB
Batch 20/40, Time: 0.2915s, Memory: 0.00MB
Batch 21/40, Time: 0.2947s, Memory: 0.00MB
Batch 22/40, Time: 0.2937s, Memory: 0.00MB
Batch 23/40, Time: 0.2909s, Memory: 0.00MB
Batch 24/40, Time: 0.2935s, Memory: 0.00MB
Batch 25/40, Time: 0.2954s, Memory: 0.00MB
Batch 26/40, Time: 0.2942s, Memory: 0.00MB
Batch 27/40, Time: 0.2942s, Memory: 0.00MB
Batch 28/40, Time: 0.2908s, Memory: 0.00MB
Batch 29/40, Time: 0.2939s, Memory: 0.00MB
Batch 30/40, Time: 0.2922s, Memory: 0.00MB
Batch 31/40, Time: 0.2912s, Memory: 0.00MB
Batch 32/40, Time: 0.2974s, Memory: 0.00MB
Batch 33/40, Time: 0.2954s, Memory: 0.00MB
Batch 34/40, Time: 0.2948s, Memory: 0.00MB
Batch 35/40, Time: 0.2957s, Memory: 0.00MB
Batch 36/40, Time: 0.3020s, Memory: 0.00MB
Batch 37/40, Time: 0.2948s, Memory: 0.00MB
Batch 38/40, Time: 0.2905s, Memory: 0.00MB
Batch 39/40, Time: 0.2900s, Memory: 0.00MB
Batch 40/40, Time: 0.2955s, Memory: 0.00MB
Total Memory Usage for Training: 0.00MB
Total Time for Training: 12.1615s
Average Memory Usage per Batch: 0.00MB
Average Time per Batch: 0.3040s
Batch 1/40, Time: 0.0960s, Memory: 0.00MB
Batch 2/40, Time: 0.0956s, Memory: 0.00MB
Batch 3/40, Time: 0.0949s, Memory: 0.00MB
Batch 4/40, Time: 0.0952s, Memory: 0.00MB
Batch 5/40, Time: 0.0948s, Memory: 0.00MB
Batch 6/40, Time: 0.0958s, Memory: 0.00MB
Batch 7/40, Time: 0.0946s, Memory: 0.00MB
Batch 8/40, Time: 0.0949s, Memory: 0.00MB
Batch 9/40, Time: 0.0951s, Memory: 0.00MB
Batch 10/40, Time: 0.0950s, Memory: 0.00MB
Batch 11/40, Time: 0.0948s, Memory: 0.00MB
Batch 12/40, Time: 0.0947s, Memory: 0.00MB
Batch 13/40, Time: 0.0963s, Memory: 0.00MB
Batch 14/40, Time: 0.0963s, Memory: 0.00MB
Batch 15/40, Time: 0.0961s, Memory: 0.00MB
Batch 16/40, Time: 0.0942s, Memory: 0.00MB
Batch 17/40, Time: 0.0949s, Memory: 0.00MB
Batch 18/40, Time: 0.0960s, Memory: 0.00MB
Batch 19/40, Time: 0.0954s, Memory: 0.00MB
Batch 20/40, Time: 0.0961s, Memory: 0.00MB
Batch 21/40, Time: 0.0956s, Memory: 0.00MB
Batch 22/40, Time: 0.0951s, Memory: 0.00MB
Batch 23/40, Time: 0.0953s, Memory: 0.00MB
Batch 24/40, Time: 0.0956s, Memory: 0.00MB
Batch 25/40, Time: 0.0959s, Memory: 0.00MB
Batch 26/40, Time: 0.0951s, Memory: 0.00MB
Batch 27/40, Time: 0.0980s, Memory: 0.00MB
Batch 28/40, Time: 0.0959s, Memory: 0.00MB
Batch 29/40, Time: 0.0949s, Memory: 0.00MB
Batch 30/40, Time: 0.0959s, Memory: 0.00MB
Batch 31/40, Time: 0.0954s, Memory: 0.00MB
Batch 32/40, Time: 0.0954s, Memory: 0.00MB
Batch 33/40, Time: 0.0954s, Memory: 0.00MB
Batch 34/40, Time: 0.0958s, Memory: 0.00MB
Batch 35/40, Time: 0.0981s, Memory: 0.00MB
Batch 36/40, Time: 0.0971s, Memory: 0.00MB
Batch 37/40, Time: 0.0964s, Memory: 0.00MB
Batch 38/40, Time: 0.0952s, Memory: 0.00MB
Batch 39/40, Time: 0.0953s, Memory: 0.00MB
Batch 40/40, Time: 0.0961s, Memory: 0.00MB
Total Memory Usage for Validation: 0.00MB
Total Time for Validation: 3.8242s
Average Memory Usage per Batch: 0.00MB
Average Time per Batch: 0.0956s
Epoch 1, Training Loss: 0.22096088556572796, Validation Loss: 0.0541363675147295
Batch 1/40, Time: 0.0954s, Memory: 0.00MB
Batch 2/40, Time: 0.0948s, Memory: 0.00MB
Batch 3/40, Time: 0.0944s, Memory: 0.00MB
Batch 4/40, Time: 0.0947s, Memory: 0.00MB
Batch 5/40, Time: 0.0945s, Memory: 0.00MB
Batch 6/40, Time: 0.0946s, Memory: 0.00MB
Batch 7/40, Time: 0.0948s, Memory: 0.00MB
Batch 8/40, Time: 0.0956s, Memory: 0.00MB
Batch 9/40, Time: 0.0951s, Memory: 0.00MB
Batch 10/40, Time: 0.0939s, Memory: 0.00MB
Batch 11/40, Time: 0.0962s, Memory: 0.00MB
Batch 12/40, Time: 0.0952s, Memory: 0.00MB
Batch 13/40, Time: 0.0947s, Memory: 0.00MB
Batch 14/40, Time: 0.0965s, Memory: 0.00MB
Batch 15/40, Time: 0.0944s, Memory: 0.00MB
Batch 16/40, Time: 0.0945s, Memory: 0.00MB
Batch 17/40, Time: 0.0947s, Memory: 0.00MB
Batch 18/40, Time: 0.0954s, Memory: 0.00MB
Batch 19/40, Time: 0.0952s, Memory: 0.00MB
Batch 20/40, Time: 0.0941s, Memory: 0.00MB
Batch 21/40, Time: 0.0953s, Memory: 0.00MB
Batch 22/40, Time: 0.0943s, Memory: 0.00MB
Batch 23/40, Time: 0.0957s, Memory: 0.00MB
Batch 24/40, Time: 0.0945s, Memory: 0.00MB
Batch 25/40, Time: 0.0958s, Memory: 0.00MB
Batch 26/40, Time: 0.0938s, Memory: 0.00MB
Batch 27/40, Time: 0.0973s, Memory: 0.00MB
Batch 28/40, Time: 0.0967s, Memory: 0.00MB
Batch 29/40, Time: 0.0953s, Memory: 0.00MB
Batch 30/40, Time: 0.0944s, Memory: 0.00MB
Batch 31/40, Time: 0.0939s, Memory: 0.00MB
Batch 32/40, Time: 0.0946s, Memory: 0.00MB
Batch 33/40, Time: 0.0949s, Memory: 0.00MB
Batch 34/40, Time: 0.0948s, Memory: 0.00MB
Batch 35/40, Time: 0.0941s, Memory: 0.00MB
Batch 36/40, Time: 0.0953s, Memory: 0.00MB
Batch 37/40, Time: 0.0934s, Memory: 0.00MB
Batch 38/40, Time: 0.0950s, Memory: 0.00MB
Batch 39/40, Time: 0.0964s, Memory: 0.00MB
Batch 40/40, Time: 0.0940s, Memory: 0.00MB
Total Memory Usage for Testing: 0.00MB
Total Time for Testing: 3.7983s
Average Memory Usage per Batch: 0.00MB
Average Time per Batch: 0.0950s
Test Loss: 0.05248925294727087

JOB STATISTICS
==============
Job ID: 6437509
Array Job ID: 6437434_5
Cluster: snellius
User/Group: igardner/igardner
State: RUNNING
Nodes: 1
Cores per node: 18
CPU Utilized: 00:00:00
CPU Efficiency: 0.00% of 00:10:48 core-walltime
Job Wall-clock time: 00:00:36
Memory Utilized: 0.00 MB (estimated maximum)
Memory Efficiency: 0.00% of 120.00 GB (120.00 GB/node)
WARNING: Efficiency statistics may be misleading for RUNNING jobs.
