============================================================================================== 
Warning! Mixing Conda and module environments may lead to corruption of the
user environment. 
We do not recommend users mixing those two environments unless absolutely
necessary. Note that 
SURF does not provide any support for Conda environment.
For more information, please refer to our software policy page:
https://servicedesk.surf.nl/wiki/display/WIKI/Software+policy+Snellius#SoftwarepolicySnellius-UseofAnacondaandMinicondaenvironmentsonSnellius 

Remember that many packages have already been installed on the system and can
be loaded using 
the 'module load <package__name>' command. If you are uncertain if a package is
already available 
on the system, please use 'module avail' or 'module spider' to search for it.
============================================================================================== 
no change     /sw/arch/RHEL8/EB_production/2022/software/Anaconda3/2022.05/condabin/conda
no change     /sw/arch/RHEL8/EB_production/2022/software/Anaconda3/2022.05/bin/conda
no change     /sw/arch/RHEL8/EB_production/2022/software/Anaconda3/2022.05/bin/conda-env
no change     /sw/arch/RHEL8/EB_production/2022/software/Anaconda3/2022.05/bin/activate
no change     /sw/arch/RHEL8/EB_production/2022/software/Anaconda3/2022.05/bin/deactivate
no change     /sw/arch/RHEL8/EB_production/2022/software/Anaconda3/2022.05/etc/profile.d/conda.sh
no change     /sw/arch/RHEL8/EB_production/2022/software/Anaconda3/2022.05/etc/fish/conf.d/conda.fish
no change     /sw/arch/RHEL8/EB_production/2022/software/Anaconda3/2022.05/shell/condabin/Conda.psm1
no change     /sw/arch/RHEL8/EB_production/2022/software/Anaconda3/2022.05/shell/condabin/conda-hook.ps1
no change     /sw/arch/RHEL8/EB_production/2022/software/Anaconda3/2022.05/lib/python3.9/site-packages/xontrib/conda.xsh
no change     /sw/arch/RHEL8/EB_production/2022/software/Anaconda3/2022.05/etc/profile.d/conda.csh
no change     /home/igardner/.bashrc
No action taken.
Epoch 1/1
Batch 1/30, Time: 0.5888s, Memory: 0.00MB
Batch 2/30, Time: 0.3327s, Memory: 0.00MB
Batch 3/30, Time: 0.3135s, Memory: 0.00MB
Batch 4/30, Time: 0.2950s, Memory: 0.00MB
Batch 5/30, Time: 0.3024s, Memory: 0.00MB
Batch 6/30, Time: 0.2941s, Memory: 0.00MB
Batch 7/30, Time: 0.3007s, Memory: 0.00MB
Batch 8/30, Time: 0.2986s, Memory: 0.00MB
Batch 9/30, Time: 0.2985s, Memory: 0.00MB
Batch 10/30, Time: 0.3026s, Memory: 0.00MB
Batch 11/30, Time: 0.3002s, Memory: 0.00MB
Batch 12/30, Time: 0.3005s, Memory: 0.00MB
Batch 13/30, Time: 0.2969s, Memory: 0.00MB
Batch 14/30, Time: 0.2980s, Memory: 0.00MB
Batch 15/30, Time: 0.2972s, Memory: 0.00MB
Batch 16/30, Time: 0.2986s, Memory: 0.00MB
Batch 17/30, Time: 0.2937s, Memory: 0.00MB
Batch 18/30, Time: 0.2944s, Memory: 0.00MB
Batch 19/30, Time: 0.3024s, Memory: 0.00MB
Batch 20/30, Time: 0.2972s, Memory: 0.00MB
Batch 21/30, Time: 0.2950s, Memory: 0.00MB
Batch 22/30, Time: 0.3027s, Memory: 0.00MB
Batch 23/30, Time: 0.2936s, Memory: 0.00MB
Batch 24/30, Time: 0.2909s, Memory: 0.00MB
Batch 25/30, Time: 0.2987s, Memory: 0.00MB
Batch 26/30, Time: 0.2961s, Memory: 0.00MB
Batch 27/30, Time: 0.2958s, Memory: 0.00MB
Batch 28/30, Time: 0.2950s, Memory: 0.00MB
Batch 29/30, Time: 0.2969s, Memory: 0.00MB
Batch 30/30, Time: 0.3037s, Memory: 0.00MB
Total Memory Usage for Training: 0.00MB
Total Time for Training: 9.2745s
Average Memory Usage per Batch: 0.00MB
Average Time per Batch: 0.3092s
Batch 1/30, Time: 0.0967s, Memory: 0.00MB
Batch 2/30, Time: 0.0978s, Memory: 0.00MB
Batch 3/30, Time: 0.0963s, Memory: 0.00MB
Batch 4/30, Time: 0.0972s, Memory: 0.00MB
Batch 5/30, Time: 0.0966s, Memory: 0.00MB
Batch 6/30, Time: 0.0984s, Memory: 0.00MB
Batch 7/30, Time: 0.0963s, Memory: 0.00MB
Batch 8/30, Time: 0.0969s, Memory: 0.00MB
Batch 9/30, Time: 0.0978s, Memory: 0.00MB
Batch 10/30, Time: 0.0966s, Memory: 0.00MB
Batch 11/30, Time: 0.0959s, Memory: 0.00MB
Batch 12/30, Time: 0.1023s, Memory: 0.00MB
Batch 13/30, Time: 0.0975s, Memory: 0.00MB
Batch 14/30, Time: 0.0976s, Memory: 0.00MB
Batch 15/30, Time: 0.0965s, Memory: 0.00MB
Batch 16/30, Time: 0.0990s, Memory: 0.00MB
Batch 17/30, Time: 0.0971s, Memory: 0.00MB
Batch 18/30, Time: 0.0982s, Memory: 0.00MB
Batch 19/30, Time: 0.0972s, Memory: 0.00MB
Batch 20/30, Time: 0.0959s, Memory: 0.00MB
Batch 21/30, Time: 0.0965s, Memory: 0.00MB
Batch 22/30, Time: 0.0961s, Memory: 0.00MB
Batch 23/30, Time: 0.0955s, Memory: 0.00MB
Batch 24/30, Time: 0.0959s, Memory: 0.00MB
Batch 25/30, Time: 0.0962s, Memory: 0.00MB
Batch 26/30, Time: 0.0963s, Memory: 0.00MB
Batch 27/30, Time: 0.0958s, Memory: 0.00MB
Batch 28/30, Time: 0.0971s, Memory: 0.00MB
Batch 29/30, Time: 0.0958s, Memory: 0.00MB
Batch 30/30, Time: 0.0961s, Memory: 0.00MB
Total Memory Usage for Validation: 0.00MB
Total Time for Validation: 2.9091s
Average Memory Usage per Batch: 0.00MB
Average Time per Batch: 0.0970s
Epoch 1, Training Loss: 0.19828900781770548, Validation Loss: 0.04952816565831502
Batch 1/30, Time: 0.0949s, Memory: 0.00MB
Batch 2/30, Time: 0.0953s, Memory: 0.00MB
Batch 3/30, Time: 0.0965s, Memory: 0.00MB
Batch 4/30, Time: 0.0952s, Memory: 0.00MB
Batch 5/30, Time: 0.0953s, Memory: 0.00MB
Batch 6/30, Time: 0.0954s, Memory: 0.00MB
Batch 7/30, Time: 0.0946s, Memory: 0.00MB
Batch 8/30, Time: 0.0959s, Memory: 0.00MB
Batch 9/30, Time: 0.0958s, Memory: 0.00MB
Batch 10/30, Time: 0.0953s, Memory: 0.00MB
Batch 11/30, Time: 0.0948s, Memory: 0.00MB
Batch 12/30, Time: 0.0950s, Memory: 0.00MB
Batch 13/30, Time: 0.0946s, Memory: 0.00MB
Batch 14/30, Time: 0.0961s, Memory: 0.00MB
Batch 15/30, Time: 0.0949s, Memory: 0.00MB
Batch 16/30, Time: 0.0947s, Memory: 0.00MB
Batch 17/30, Time: 0.0966s, Memory: 0.00MB
Batch 18/30, Time: 0.0964s, Memory: 0.00MB
Batch 19/30, Time: 0.0952s, Memory: 0.00MB
Batch 20/30, Time: 0.0950s, Memory: 0.00MB
Batch 21/30, Time: 0.0986s, Memory: 0.00MB
Batch 22/30, Time: 0.0957s, Memory: 0.00MB
Batch 23/30, Time: 0.0951s, Memory: 0.00MB
Batch 24/30, Time: 0.0967s, Memory: 0.00MB
Batch 25/30, Time: 0.0958s, Memory: 0.00MB
Batch 26/30, Time: 0.0948s, Memory: 0.00MB
Batch 27/30, Time: 0.0955s, Memory: 0.00MB
Batch 28/30, Time: 0.0966s, Memory: 0.00MB
Batch 29/30, Time: 0.0961s, Memory: 0.00MB
Batch 30/30, Time: 0.0951s, Memory: 0.00MB
Total Memory Usage for Testing: 0.00MB
Total Time for Testing: 2.8676s
Average Memory Usage per Batch: 0.00MB
Average Time per Batch: 0.0956s
Test Loss: 0.04812648147344589

JOB STATISTICS
==============
Job ID: 6437455
Array Job ID: 6437434_4
Cluster: snellius
User/Group: igardner/igardner
State: RUNNING
Nodes: 1
Cores per node: 18
CPU Utilized: 00:00:00
CPU Efficiency: 0.00% of 00:09:00 core-walltime
Job Wall-clock time: 00:00:30
Memory Utilized: 0.00 MB (estimated maximum)
Memory Efficiency: 0.00% of 120.00 GB (120.00 GB/node)
WARNING: Efficiency statistics may be misleading for RUNNING jobs.
